[22:45:15] SELECT * FROM IGC_MonsterSoul_Config
[22:45:15] IF ((SELECT data_type FROM INFORMATION_SCHEMA.columns WHERE table_name = 'IGC_PStore_Items_old' AND column_name = 'ItemData') = 'varbinary') SELECT 1 AS Result
[22:45:15] EXEC IGC_PersonalStore_LoadAllStores
[22:45:15] EXEC IGC_PersonalStore_LoadOffer 52
[22:45:15] EXEC IGC_PersonalStore_LoadItem 64
[22:45:15] EXEC IGC_PersonalStore_LoadItem 65
[22:45:15] EXEC IGC_PersonalStore_LoadItem 66
[22:45:15] EXEC IGC_PersonalStore_LoadItem 67
[22:45:15] EXEC IGC_PersonalStore_LoadItem 68
[22:45:15] EXEC IGC_PersonalStore_LoadOffer 53
[22:45:15] EXEC IGC_PersonalStore_LoadItem 69
[22:45:15] EXEC IGC_PersonalStore_LoadItem 70
[22:45:15] EXEC IGC_PersonalStore_LoadItem 71
[22:45:15] EXEC IGC_PersonalStore_LoadItem 72
[22:45:15] EXEC IGC_PersonalStore_LoadOffer 54
[22:45:15] EXEC IGC_PersonalStore_LoadItem 73
[22:45:15] EXEC IGC_PersonalStore_LoadItem 74
[22:45:15] EXEC IGC_PersonalStore_LoadItem 75
[22:45:15] EXEC IGC_PersonalStore_LoadItem 76
[22:45:15] EXEC IGC_PersonalStore_LoadItem 77
[22:45:15] EXEC IGC_PersonalStore_LoadOffer 55
[22:45:15] EXEC IGC_PersonalStore_LoadItem 78
[22:45:15] EXEC IGC_PersonalStore_LoadItem 79
[22:45:15] EXEC IGC_PersonalStore_LoadItem 80
[22:45:15] EXEC IGC_PersonalStore_LoadItem 81
[22:45:15] EXEC IGC_PersonalStore_LoadItem 82
[22:45:15] EXEC IGC_PersonalStore_LoadOffer 56
[22:45:15] EXEC IGC_PersonalStore_LoadItem 83
[22:45:15] EXEC IGC_PersonalStore_LoadItem 84
[22:45:15] EXEC IGC_PersonalStore_LoadItem 85
[22:45:15] EXEC IGC_PersonalStore_LoadItem 86
[22:45:15] EXEC IGC_PersonalStore_LoadItem 87
[22:45:15] EXEC IGC_PersonalStore_LoadOffer 57
[22:45:15] EXEC IGC_PersonalStore_LoadItem 88
[22:45:15] EXEC IGC_PersonalStore_LoadItem 89
[22:45:15] EXEC IGC_PersonalStore_LoadItem 90
[22:45:15] EXEC IGC_PersonalStore_LoadItem 91
[22:45:15] EXEC IGC_PersonalStore_LoadItem 92
[22:45:15] EXEC IGC_PersonalStore_LoadOffer 58
[22:45:15] EXEC IGC_PersonalStore_LoadItem 93
[22:45:15] EXEC IGC_PersonalStore_LoadItem 94
[22:45:15] EXEC IGC_PersonalStore_LoadItem 95
[22:45:15] EXEC IGC_PersonalStore_LoadItem 96
[22:45:15] EXEC IGC_PersonalStore_LoadItem 97
[22:45:15] EXEC IGC_PersonalStore_LoadOffer 27
[22:45:15] EXEC IGC_PersonalStore_LoadOffer 28
[22:45:15] EXEC IGC_PersonalStore_LoadItem 32
[22:45:15] EXEC IGC_PersonalStore_LoadOffer 50
[22:45:15] EXEC IGC_PersonalStore_LoadItem 54
[22:45:15] EXEC IGC_PersonalStore_LoadItem 55
[22:45:15] EXEC IGC_PersonalStore_LoadItem 56
[22:45:15] EXEC IGC_PersonalStore_LoadItem 57
[22:45:15] EXEC IGC_PersonalStore_LoadItem 58
[22:45:15] EXEC IGC_PersonalStore_LoadOffer 51
[22:45:15] EXEC IGC_PersonalStore_LoadItem 59
[22:45:15] EXEC IGC_PersonalStore_LoadItem 60
[22:45:15] EXEC IGC_PersonalStore_LoadItem 61
[22:45:15] EXEC IGC_PersonalStore_LoadItem 62
[22:45:15] EXEC IGC_PersonalStore_LoadItem 63
[22:45:15] EXEC IGC_PersonalStore_LoadOffer 49
[22:45:15] EXEC IGC_PersonalStore_LoadOffer 39
[22:45:15] EXEC IGC_PersonalStore_LoadOffer 30
[22:45:15] EXEC IGC_PersonalStore_LoadOffer 31
[22:45:15] EXEC IGC_PersonalStore_LoadOffer 32
[22:45:15] EXEC IGC_PersonalStore_LoadOffer 33
[22:45:15] EXEC IGC_PersonalStore_LoadOffer 34
[22:45:15] EXEC IGC_PersonalStore_LoadOffer 35
[22:45:15] EXEC IGC_PersonalStore_LoadOffer 36
[22:45:15] EXEC IGC_PersonalStore_LoadOffer 37
[22:45:15] EXEC IGC_PersonalStore_LoadOffer 38
[22:45:15] EXEC IGC_PersonalStore_LoadOffer 40
[22:45:15] EXEC IGC_PersonalStore_LoadOffer 41
[22:45:15] EXEC IGC_PersonalStore_LoadOffer 42
[22:45:15] EXEC IGC_PersonalStore_LoadOffer 43
[22:45:15] EXEC IGC_PersonalStore_LoadOffer 44
[22:45:15] EXEC IGC_PersonalStore_LoadOffer 45
[22:45:15] EXEC IGC_PersonalStore_LoadOffer 46
[22:45:15] EXEC IGC_PersonalStore_LoadOffer 47
[22:45:15] EXEC IGC_PersonalStore_LoadOffer 48
[22:45:15] EXEC IGC_PersonalStore_LoadOffer 1
[22:45:15] EXEC IGC_PersonalStore_LoadOffer 2
[22:45:15] EXEC IGC_PersonalStore_LoadOffer 3
[22:45:15] EXEC IGC_PersonalStore_LoadOffer 4
[22:45:15] EXEC IGC_PersonalStore_LoadOffer 11
[22:45:15] EXEC IGC_PersonalStore_LoadOffer 6
[22:45:15] EXEC IGC_PersonalStore_LoadOffer 7
[22:45:15] EXEC IGC_PersonalStore_LoadOffer 10
[22:45:15] EXEC IGC_PersonalStore_LoadOffer 12
[22:45:15] EXEC IGC_PersonalStore_LoadOffer 13
[22:45:15] EXEC IGC_PersonalStore_LoadOffer 14
[22:45:15] EXEC IGC_PersonalStore_LoadOffer 15
[22:45:15] EXEC IGC_PersonalStore_LoadOffer 16
[22:45:15] EXEC IGC_PersonalStore_LoadOffer 17
[22:45:15] EXEC IGC_PersonalStore_LoadOffer 18
[22:45:15] EXEC IGC_PersonalStore_LoadOffer 19
[22:45:15] EXEC IGC_PersonalStore_LoadOffer 20
[22:45:15] EXEC IGC_PersonalStore_LoadOffer 21
[22:45:15] EXEC IGC_PersonalStore_LoadOffer 22
[22:45:15] EXEC IGC_PersonalStore_LoadOffer 23
[22:45:15] EXEC IGC_PersonalStore_LoadOffer 24
[22:45:15] EXEC IGC_PersonalStore_LoadOffer 25
[22:45:15] EXEC IGC_PersonalStore_LoadOffer 26
[22:45:15] EXEC IGC_PersonalStore_LoadOffer 29
[22:45:15] SELECT ItemCount FROM GameServerInfo WHERE Number = 0
[22:45:15] SELECT ItemCount FROM GameServerInfo WHERE Number = 0
[22:45:15] SELECT param_value FROM IGC_Config WHERE param_name = 'db_version'
[22:45:15] IF ((SELECT data_type FROM INFORMATION_SCHEMA.columns WHERE table_name = 'IGC_PentagramInfo_old' AND column_name = 'PentagramInfo') = 'varbinary') SELECT 1 AS Result
[22:45:15] SELECT param_value FROM IGC_Config WHERE param_name = 'db_version'
[22:45:15] SELECT GensRankingMonth FROM GameServerInfo WHERE Number=0
[22:45:15] SELECT * From IGC_Gens WHERE Influence=1 ORDER By Points DESC
[22:45:15] SELECT * From IGC_Gens WHERE Influence=2 ORDER By Points DESC
[22:45:16] EXEC IGC_DeleteAllPartyMatchingList
[22:45:16] EXEC IGC_LoadPartyInfo
[22:45:16] EXEC IGC_LoadPartyMemberInfo 3
[22:45:16] EXEC IGC_LoadPartyMemberInfo 8
[22:45:16] EXEC IGC_LoadPartyMemberInfo 30
[22:45:16] EXEC IGC_LoadPartyMemberInfo 33
[22:45:16] EXEC IGC_LoadPartyMemberInfo 35
[22:45:16] EXEC IGC_LoadPartyMemberInfo 36
[22:45:16] EXEC IGC_LoadPartyMemberInfo 37
[22:45:16] EXEC IGC_LoadPartyMemberInfo 39
[22:45:16] EXEC IGC_LoadPartyMemberInfo 41
[22:45:16] EXEC IGC_LoadPartyMemberInfo 44
[22:45:16] EXEC IGC_LoadPartyMemberInfo 45
[22:45:16] EXEC IGC_LoadPartyMemberInfo 46
[22:45:16] SELECT * FROM Guild
[22:45:16] SELECT G_Notice FROM Guild WHERE G_Name='Admin'
[22:45:16] SELECT G_Mark FROM Guild WHERE G_Name='Admin'
[22:45:16] SELECT * FROM GuildMember WHERE G_Name = 'Admin'
[22:45:35] SELECT OWNER_GUILD FROM MuCastle_DATA
[22:45:35] SELECT G_Master FROM Guild WHERE G_Name=''
[22:45:35] SELECT AccountID FROM Character WHERE Name = ''
[22:45:35] SELECT OWNER_GUILD FROM MuCastle_DATA
[22:45:35] SELECT G_Master FROM Guild WHERE G_Name=''
[22:45:35] SELECT AccountID FROM Character WHERE Name = ''
[22:45:35] SELECT * FROM DefaultClassType
[22:45:35] SELECT * FROM DefaultClassType
[22:45:36] EXEC IGC_ArcaBattleWinGuildSelect
[22:45:36] EXEC IGC_ArcaBattleProcInsert 1
[22:45:36] EXEC IGC_ArcaBattleWinGuildSelect
[22:45:36] EXEC IGC_ArcaBattleProcSelect
[22:45:38] SELECT OWNER_GUILD FROM MuCastle_DATA
[22:45:38] SELECT G_Master FROM Guild WHERE G_Name=''
[22:45:38] SELECT AccountID FROM Character WHERE Name = ''
[22:45:38] SELECT * FROM DefaultClassType
[22:45:39] EXEC IGC_ArcaBattleWinGuildSelect
[22:45:39] EXEC IGC_ArcaBattleProcSelect
[22:45:39] EXEC WZ_CS_GetCastleTotalInfo 0, 14
[22:45:39] EXEC WZ_CS_GetCastleNpcInfo 0
[22:45:39] EXEC WZ_CW_InfoLoad 0
[22:45:44] SELECT OWNER_GUILD FROM MuCastle_DATA
[22:45:44] SELECT G_Master FROM Guild WHERE G_Name=''
[22:45:44] SELECT AccountID FROM Character WHERE Name = ''
[22:45:44] SELECT * FROM DefaultClassType
[22:45:46] EXEC IGC_ArcaBattleWinGuildSelect
[22:45:46] EXEC IGC_ArcaBattleProcSelect
[22:45:56] SELECT OWNER_GUILD FROM MuCastle_DATA
[22:45:56] SELECT G_Master FROM Guild WHERE G_Name=''
[22:45:56] SELECT AccountID FROM Character WHERE Name = ''
[22:45:56] SELECT * FROM DefaultClassType
[22:45:57] EXEC IGC_ArcaBattleWinGuildSelect
[22:45:57] EXEC IGC_ArcaBattleProcSelect
[22:45:57] SELECT * FROM IGC_LabyrinthLeagueUser ORDER BY GroupLevel ASC, GroupNum ASC
[22:45:57] DELETE FROM IGC_LabyrinthLeagueUser
[22:45:57] EXEC IGC_Labyrinth_LeagueAddUser 'hoaitan92', 'iSunz', 2, 0, -1
[22:46:18] SELECT * FROM MEMB_INFO WHERE memb___id='admin'
[22:46:18] SELECT memb__pwd from MEMB_INFO where memb___id='admin'
[22:46:18] SELECT * FROM IGC_MachineID_Banned WHERE HWID = '1051-2C35-2DD0-9119-3A4E-C6D8-450E-A3FB'
[22:46:19] INSERT INTO ConnectionHistory (AccountID, ServerName, IP, Date, State, HWID) Values('admin','Maya','14.191.215.173', GETDATE(), 'Connect', '1051-2C35-2DD0-9119-3A4E-C6D8-450E-A3FB')
[22:46:19] EXEC WZ_CONNECT_MEMB 'admin','Maya','14.191.215.173'
[22:46:19] EXEC VIPSystem_CheckAccount 'admin'
[22:46:19] SELECT Id FROM AccountCharacter WHERE Id='admin'
[22:46:19] SELECT * FROM AccountCharacter WHERE Id='admin'
[22:46:19] SELECT WarehouseExpansion, MagicGladiator, DarkLord, Summoner, RageFighter, GrowLancer, RuneWizard, Slayer, GunCrusher, LightWizard, LemuriaMage, IllusionKnight, SecCode, ILC FROM AccountCharacter WHERE Id='admin'
[22:46:19] SELECT cLevel, mLevel, Class, CtlCode FROM vCharacterPreview WHERE Name='testmg'
[22:46:19] SELECT Inventory FROM Character WHERE Name='testmg'
[22:46:19] SELECT RESETS FROM Character WHERE Name='testmg'
[22:46:19] SELECT G_Status FROM GuildMember WHERE Name='testmg'
[22:46:19] SELECT cLevel, mLevel, Class, CtlCode FROM vCharacterPreview WHERE Name='testsum'
[22:46:19] SELECT Inventory FROM Character WHERE Name='testsum'
[22:46:19] SELECT RESETS FROM Character WHERE Name='testsum'
[22:46:19] SELECT G_Status FROM GuildMember WHERE Name='testsum'
[22:46:19] SELECT cLevel, mLevel, Class, CtlCode FROM vCharacterPreview WHERE Name='testrw'
[22:46:19] SELECT Inventory FROM Character WHERE Name='testrw'
[22:46:19] SELECT RESETS FROM Character WHERE Name='testrw'
[22:46:19] SELECT G_Status FROM GuildMember WHERE Name='testrw'
[22:46:19] SELECT cLevel, mLevel, Class, CtlCode FROM vCharacterPreview WHERE Name='testslayer'
[22:46:19] SELECT Inventory FROM Character WHERE Name='testslayer'
[22:46:19] SELECT RESETS FROM Character WHERE Name='testslayer'
[22:46:19] SELECT G_Status FROM GuildMember WHERE Name='testslayer'
[22:46:19] SELECT cLevel, mLevel, Class, CtlCode FROM vCharacterPreview WHERE Name='testdw'
[22:46:19] SELECT Inventory FROM Character WHERE Name='testdw'
[22:46:19] SELECT RESETS FROM Character WHERE Name='testdw'
[22:46:19] SELECT G_Status FROM GuildMember WHERE Name='testdw'
[22:46:19] SELECT cLevel, mLevel, Class, CtlCode FROM vCharacterPreview WHERE Name='aas22'
[22:46:19] SELECT Inventory FROM Character WHERE Name='aas22'
[22:46:19] SELECT RESETS FROM Character WHERE Name='aas22'
[22:46:19] SELECT G_Status FROM GuildMember WHERE Name='aas22'
[22:46:19] SELECT cLevel, mLevel, Class, CtlCode FROM vCharacterPreview WHERE Name='testgl'
[22:46:19] SELECT Inventory FROM Character WHERE Name='testgl'
[22:46:19] SELECT RESETS FROM Character WHERE Name='testgl'
[22:46:19] SELECT G_Status FROM GuildMember WHERE Name='testgl'
[22:46:19] SELECT cLevel, mLevel, Class, CtlCode FROM vCharacterPreview WHERE Name='ass22'
[22:46:19] SELECT Inventory FROM Character WHERE Name='ass22'
[22:46:19] SELECT RESETS FROM Character WHERE Name='ass22'
[22:46:19] SELECT G_Status FROM GuildMember WHERE Name='ass22'
[22:46:19] SELECT cLevel, mLevel, Class, CtlCode FROM vCharacterPreview WHERE Name='aa2222'
[22:46:19] SELECT Inventory FROM Character WHERE Name='aa2222'
[22:46:19] SELECT RESETS FROM Character WHERE Name='aa2222'
[22:46:19] SELECT G_Status FROM GuildMember WHERE Name='aa2222'
[22:46:19] SELECT cLevel, mLevel, Class, CtlCode FROM vCharacterPreview WHERE Name='123232'
[22:46:19] SELECT Inventory FROM Character WHERE Name='123232'
[22:46:19] SELECT RESETS FROM Character WHERE Name='123232'
[22:46:19] SELECT G_Status FROM GuildMember WHERE Name='123232'
[22:46:20] SELECT * FROM AccountCharacter WHERE Id='admin'
[22:46:20] UPDATE AccountCharacter SET GameID1='testmg' WHERE Id='admin'
[22:46:20] UPDATE AccountCharacter SET GameID2='testsum' WHERE Id='admin'
[22:46:20] UPDATE AccountCharacter SET GameID3='testrw' WHERE Id='admin'
[22:46:20] UPDATE AccountCharacter SET GameID4='testslayer' WHERE Id='admin'
[22:46:20] UPDATE AccountCharacter SET GameID5='testdw' WHERE Id='admin'
[22:46:20] UPDATE AccountCharacter SET GameID6='aas22' WHERE Id='admin'
[22:46:20] UPDATE AccountCharacter SET GameID7='testgl' WHERE Id='admin'
[22:46:20] UPDATE AccountCharacter SET GameID8='ass22' WHERE Id='admin'
[22:46:20] UPDATE AccountCharacter SET GameID9='aa2222' WHERE Id='admin'
[22:46:20] UPDATE AccountCharacter SET GameID10='123232' WHERE Id='admin'
[22:46:20] SELECT * FROM AccountCharacter WHERE Id = 'admin'
[22:46:20] SELECT WarehouseExpansion FROM AccountCharacter WHERE Id = 'admin'
[22:46:20] SELECT id, cLevel, mLevel, Class, LevelUpPoint, mlPoint, Experience, mlExperience, mlNextExp, Strength, Dexterity, Vitality, Energy, Money, Life, MaxLife, Mana, MaxMana, MapNumber, MapPosX, MapPosY, MapDir, PkCount, PkLevel, PkTime, CtlCode, Leadership, ChatLimitTime, RESETS, Married, MarryName, InventoryExpansion, WinDuels, LoseDuels, BlockChatTime, PenaltyMask, Ruud, OpenHuntingLog, StatCoin, StatGP, i4thSkillPoint, AddStrength, AddDexterity, AddVitality, AddEnergy, FruitAddPoint, FruitDecPoint, GrandResets, MonStat, PCR, LVLB, Age, CJL, SIC FROM Character WHERE Name='testmg' AND AccountID='admin'
[22:46:20] SELECT Inventory from Character where Name='testmg'
[22:46:20] SELECT MagicList from Character where Name='testmg'
[22:46:20] SELECT Quest from Character where Name='testmg'
[22:46:20] SELECT AuthorityMask, DATEDIFF(DAY, GETDATE(), Expiry) AS ExpirationTime FROM T_GMSystem WHERE Name='testmg'
[22:46:20] UPDATE AccountCharacter SET GameIDC='testmg' WHERE Id='admin'
[22:46:20] EXEC IGC_StatsSystemLoad 'testmg'
[22:46:20] SELECT * FROM OptionData WHERE Name='testmg'
[22:46:20] SELECT SkillKey from OptionData where Name='testmg'
[22:46:20] SELECT Opt1, Opt1value, Opt2, Opt2value, Opt3, Opt3value FROM IGC_HarmonyItemData WHERE Serial=493076
[22:46:20] SELECT Opt1, Opt1value, Opt2, Opt2value, Opt3, Opt3value FROM IGC_HarmonyItemData WHERE Serial=412356
[22:46:20] EXEC IGC_PartyMatchingInfoLoad 'testmg'
[22:46:20] SELECT * FROM IGC_Muun_Inventory WHERE Name= 'testmg'
[22:46:20] SELECT WCoin, GoblinPoint FROM T_InGameShop_Point WHERE AccountID = 'admin'
[22:46:20] SELECT GUID, MemoTotal FROM T_FriendMain where Name = 'testmg'
[22:46:20] EXEC IGC_GensLoad 'testmg'
[22:46:20] SELECT Items from IGC_Muun_Inventory WHERE Name= 'testmg'
[22:46:20] SELECT FriendGuid, FriendName, Del FROM T_FriendList where GUID = 42
[22:46:20] EXEC IGC_MuunPeriodSelect 'testmg'
[22:46:20] EXEC IGC_SetSelectMuRummy 'admin', 'testmg'
[22:46:20] SELECT quest_id, count, state, date FROM IGC_GuideQuestInfo WHERE character_id = 57 ORDER BY quest_id
[22:46:20] EXEC IGC_MonsterSoulPurchasesSelect 'testmg'
[22:46:20] EXEC IGC_ClassQuest_MonsterKillLoad 'testmg'
[22:46:20] EXEC IGC_GensAbuseLoad 'testmg'
[22:46:20] SELECT FriendName FROM T_WaitFriend where GUID=42
[22:46:20] SELECT G_Name, G_Level, G_Status FROM GuildMember WHERE Name='testmg'
[22:46:20] EXEC IGC_MonsterSoulConverterSelect 'testmg'
[22:46:20] SELECT quest_id, state, objective, date FROM IGC_MuQuestInfo WHERE character_id = 57 ORDER BY quest_id
[22:46:20] SELECT * FROM IGC_ArtifactInfo WHERE Name = 'testmg'
[22:46:20] EXEC IGC_GetGuildMatchingAcceptNRejectInfo 'testmg'
[22:46:20] SELECT MemoIndex, FriendName, wDate, Subject, bRead FROM T_FriendMail where GUID=42
[22:46:20] SELECT * FROM T_Event_Inventory WHERE Name = 'testmg'
[22:46:20] SELECT MuHelperData FROM Character WHERE AccountID = 'admin' AND Name = 'testmg'
[22:46:20] SELECT Inventory FROM T_Event_Inventory WHERE Name = 'testmg'
[22:46:20] EXEC IGC_PeriodItemExpiredItemSelectEx 1, 'testmg'
[22:46:20] EXEC IGC_MuunConditionInfoGetLoad 'testmg'
[22:46:20] EXEC IGC_PeriodItemSelectEx 1, 'testmg'
[22:46:20] EXEC IGC_LuckyItemSelect 'testmg'
[22:46:20] EXEC IGC_PeriodBuffSelect 'testmg'
[22:46:20] EXEC IGC_PentagramInfoSelect 1, 'admin', 'testmg', 0
[22:46:20] EXEC IGC_PentagramInfoSelect 1, 'admin', 'testmg', 1
[22:46:20] EXEC IGC_HuntingRecordInfoUserOpenLoad 'admin', 'testmg'
[22:46:20] EXEC IGC_MineSystem_Select_UPTUserInfo 'testmg'
[22:46:21] EXEC IGC_GremoryCaseChkLimitedCnt 'admin', 'testmg', 1
[22:46:21] EXEC IGC_GremoryCaseChkLimitedCnt 'admin', 'testmg', 2
[22:46:21] EXEC IGC_GremoryCaseChkLimitedCnt 'admin', 'testmg', 4
[22:46:21] EXEC IGC_GremoryCaseSelect 'admin', 'testmg', 1
[22:46:21] EXEC IGC_GremoryCaseSelect 'admin', 'testmg', 2
[22:46:21] EXEC IGC_GremoryCaseSelect 'admin', 'testmg', 4
[22:46:21] EXEC IGC_BattleCore_AccountUserInfoSelect 'admin', 'testmg', 0, 0
[22:46:21] EXEC IGC_GetLoadRestoreInventory 'admin', 'testmg'
[22:46:21] EXEC IGC_EventMapEnterCount_Get 'testmg'
[22:46:21] EXEC IGC_EvolutionMonsterInfoLoad 'admin', 'testmg'
[22:46:21] SELECT old_name, new_name FROM IGC_PersonalStore_ChangeName WHERE character_id = 57
[22:46:21] SELECT BlockedName FROM IGC_BlockChat WHERE Name = 'testmg'
[22:46:21] SELECT * FROM IGC_FavouriteWarpData WHERE Name = 'testmg'
[22:46:21] EXEC IGC_GremoryCaseSelect 'admin', 'testmg', 4
[22:46:24] SELECT Name FROM IGC_FavouriteWarpData WHERE Name = 'testmg'
[22:46:24] UPDATE IGC_FavouriteWarpData SET WarpIndex_1 = -1, WarpMapNum_1 = -1, WarpIndex_2 = -1, WarpMapNum_2 = -1, WarpIndex_3 = -1, WarpMapNum_3 = -1, WarpIndex_4 = -1, WarpMapNum_4 = -1, WarpIndex_5 = -1, WarpMapNum_5 = -1 WHERE Name = 'testmg'
[22:46:38] SELECT Name FROM OptionData WHERE Name='testmg'
[22:46:38] UPDATE OptionData SET GameOption=29, Qkey=255, Wkey=255, Ekey=255, ChatWindow=0, Rkey=18, QWERLevel=658184, EnableChangeMode=0, PlayGuideLv=400, PlayGuideCK=0 WHERE Name='testmg'
[22:46:38] UPDATE OptionData SET SkillKey=? where Name='testmg'
[22:46:38] EXEC IGC_DeleteWaitPartyMatchingList 'testmg'
[22:46:38] UPDATE Character SET cLevel=400, mLevel=1100, Class=54,LevelUpPoint=305168, mlPoint=400, Experience=3822148080, mlExperience=236486046486721, mlNextExp=1223953554525745775, Strength=32300, Dexterity=32300, Vitality=32300, Energy=32300, Money=462200900, Life=977845.000000, MaxLife=973069.000000, Mana=67089.000000, MaxMana=66323.000000, MapNumber=0, MapPosX=124, MapPosY=131, MapDir=2, PkCount=0, PkLevel=3, PkTime=0, Leadership=0, ChatLimitTime=0, RESETS = 0, Married = 0, MarryName = '', WinDuels=0, LoseDuels=0, BlockChatTime=0, PenaltyMask=0, Ruud=0, OpenHuntingLog=0, StatGP=0, StatCoin=0, i4thSkillPoint=695, AddStrength=0, AddDexterity=0, AddVitality=0, AddEnergy=0, FruitAddPoint=0, FruitDecPoint=0, GrandResets=0, MonStat=0, Age=0, CJL=0, SIC=0 WHERE Name = 'testmg'
[22:46:38] UPDATE Character SET Inventory=? WHERE Name='testmg'
[22:46:38] EXEC IGC_PentagramInfoUpdate 1, 'admin', 'testmg', 0, 0, 12, 505, 49, 10, 1, 10, 1, 10, 1, 10, 15, 15, 15, 15, 1
[22:46:38] UPDATE Character SET MagicList=? WHERE Name='testmg'
[22:46:38] EXEC IGC_PentagramInfoUpdate 1, 'admin', 'testmg', 0, 1, 12, 506, 49, 10, 1, 10, 1, 10, 1, 10, 15, 15, 15, 15, 0
[22:46:38] UPDATE Character SET Quest=? WHERE Name='testmg'
[22:46:38] DELETE FROM IGC_GuideQuestInfo WHERE character_id = 57
[22:46:38] INSERT INTO ConnectionHistory (AccountID, ServerName, IP, Date, State, HWID) Values('admin','Maya','14.191.215.173', GETDATE(), 'Disconnect', 'N/A')
[22:46:38] EXEC IGC_PentagramInfoUpdate 1, 'admin', 'testmg', 0, 2, 12, 507, 49, 10, 1, 10, 1, 10, 1, 10, 15, 15, 15, 15, 0
[22:46:38] EXEC IGC_PentagramInfoUpdate 1, 'admin', 'testmg', 0, 3, 12, 508, 49, 10, 1, 10, 1, 10, 1, 10, 15, 15, 15, 15, 0
[22:46:38] EXEC WZ_DISCONNECT_MEMB 'admin'
[22:46:38] EXEC IGC_ClassQuest_MonsterKillSave 'testmg', -1, -1, 0, -1, 0, -1, 0, -1, 0, -1, 0
[22:46:38] INSERT INTO IGC_GuideQuestInfo (character_id, quest_id, count, state, date) VALUES (57, 11, 0, 1, 0)
[22:46:38] EXEC IGC_PentagramInfoUpdate 1, 'admin', 'testmg', 0, 4, 12, 261, 49, 10, 5, 10, 3, 10, 2, 10, 15, 15, 15, 15, 15
[22:46:38] DELETE FROM IGC_MuQuestInfo WHERE character_id = 57
[22:46:38] UPDATE IGC_Muun_Inventory SET Items=? WHERE Name='testmg'
[22:46:38] EXEC IGC_PentagramInfoUpdate 1, 'admin', 'testmg', 0, 10, 12, 505, 49, 10, 1, 10, 1, 10, 1, 10, 15, 15, 15, 15, 1
[22:46:38] EXEC IGC_MuunConditionInfoSetSave 'testmg', 0, 255, 0
[22:46:38] INSERT INTO IGC_MuQuestInfo (character_id, quest_id, state, objective, date) VALUES (57, 18, 1, 0, 1675606591)
[22:46:38] EXEC IGC_PentagramInfoUpdate 1, 'admin', 'testmg', 0, 11, 12, 506, 49, 10, 1, 10, 1, 10, 1, 10, 15, 15, 15, 15, 0
[22:46:38] INSERT INTO IGC_MuQuestInfo (character_id, quest_id, state, objective, date) VALUES (57, 88, 1, 0, 1675606591)
[22:46:38] INSERT INTO IGC_MuQuestInfo (character_id, quest_id, state, objective, date) VALUES (57, 200, 1, 0, 1675606591)
[22:46:38] EXEC IGC_MuunConditionInfoSetSave 'testmg', 1, 255, 0
[22:46:38] EXEC IGC_PentagramInfoUpdate 1, 'admin', 'testmg', 0, 12, 12, 507, 49, 10, 1, 10, 1, 10, 1, 10, 15, 15, 15, 15, 0
[22:46:38] EXEC IGC_PentagramInfoUpdate 1, 'admin', 'testmg', 0, 13, 12, 508, 49, 10, 1, 10, 1, 10, 1, 10, 15, 15, 15, 15, 0
[22:46:38] EXEC IGC_MuunConditionInfoSetSave 'testmg', 2, 255, 0
[22:46:38] INSERT INTO IGC_MuQuestInfo (character_id, quest_id, state, objective, date) VALUES (57, 511, 1, 0, 1675606591)
[22:46:38] EXEC IGC_PentagramInfoUpdate 1, 'admin', 'testmg', 0, 14, 12, 261, 49, 10, 5, 10, 3, 10, 2, 10, 15, 15, 15, 15, 15
[22:46:38] EXEC IGC_PentagramInfoUpdate 1, 'admin', 'testmg', 0, 15, 12, 505, 49, 10, 1, 10, 1, 10, 1, 10, 15, 15, 15, 15, 1
[22:46:38] EXEC IGC_PentagramInfoUpdate 1, 'admin', 'testmg', 0, 16, 12, 506, 49, 10, 1, 10, 1, 10, 1, 10, 15, 15, 15, 15, 0
[22:46:38] EXEC IGC_PentagramInfoUpdate 1, 'admin', 'testmg', 0, 17, 12, 507, 49, 10, 1, 10, 1, 10, 1, 10, 15, 15, 15, 15, 0
[22:46:38] EXEC IGC_PentagramInfoUpdate 1, 'admin', 'testmg', 0, 18, 12, 508, 49, 10, 1, 10, 1, 10, 1, 10, 15, 15, 15, 15, 0
[22:46:38] EXEC IGC_PentagramInfoUpdate 1, 'admin', 'testmg', 0, 19, 12, 261, 49, 10, 5, 10, 3, 10, 2, 10, 15, 15, 15, 15, 15
[22:46:38] EXEC IGC_PentagramInfoUpdate 1, 'admin', 'testmg', 0, 20, 12, 505, 49, 10, 1, 10, 1, 10, 1, 10, 15, 15, 15, 15, 1
[22:46:38] EXEC IGC_PentagramInfoUpdate 1, 'admin', 'testmg', 0, 21, 12, 506, 49, 10, 1, 10, 1, 10, 1, 10, 15, 15, 15, 15, 0
[22:46:38] EXEC IGC_PentagramInfoUpdate 1, 'admin', 'testmg', 0, 22, 12, 507, 49, 10, 1, 10, 1, 10, 1, 10, 15, 15, 15, 15, 0
[22:46:38] EXEC IGC_PentagramInfoUpdate 1, 'admin', 'testmg', 0, 23, 12, 508, 49, 10, 1, 10, 1, 10, 1, 10, 15, 15, 15, 15, 0
[22:46:38] EXEC IGC_PentagramInfoUpdate 1, 'admin', 'testmg', 0, 24, 12, 261, 49, 10, 5, 10, 3, 10, 2, 10, 15, 15, 15, 15, 15
[22:46:38] EXEC IGC_PentagramInfoUpdate 1, 'admin', 'testmg', 0, 25, 12, 505, 49, 10, 1, 10, 1, 10, 1, 10, 15, 15, 15, 15, 1
[22:46:38] EXEC IGC_PentagramInfoUpdate 1, 'admin', 'testmg', 0, 26, 12, 506, 49, 10, 1, 10, 1, 10, 1, 10, 15, 15, 15, 15, 0
[22:46:38] EXEC IGC_PentagramInfoUpdate 1, 'admin', 'testmg', 0, 27, 12, 507, 49, 10, 1, 10, 1, 10, 1, 10, 15, 15, 15, 15, 0
[22:46:38] EXEC IGC_PentagramInfoUpdate 1, 'admin', 'testmg', 0, 28, 12, 508, 49, 10, 1, 10, 1, 10, 1, 10, 15, 15, 15, 15, 0
[22:46:38] EXEC IGC_PentagramInfoUpdate 1, 'admin', 'testmg', 0, 29, 12, 261, 49, 10, 5, 10, 3, 10, 2, 10, 15, 15, 15, 15, 15
[22:46:38] EXEC IGC_PentagramInfoUpdate 1, 'admin', 'testmg', 0, 30, 12, 505, 49, 10, 1, 10, 1, 10, 1, 10, 15, 15, 15, 15, 1
[22:46:38] EXEC IGC_PentagramInfoUpdate 1, 'admin', 'testmg', 0, 31, 12, 506, 49, 10, 1, 10, 1, 10, 1, 10, 15, 15, 15, 15, 0
[22:46:38] EXEC IGC_PentagramInfoUpdate 1, 'admin', 'testmg', 0, 32, 12, 507, 49, 10, 1, 10, 1, 10, 1, 10, 15, 15, 15, 15, 0
[22:46:38] EXEC IGC_PentagramInfoUpdate 1, 'admin', 'testmg', 0, 33, 12, 508, 49, 10, 1, 10, 1, 10, 1, 10, 15, 15, 15, 15, 0
[22:46:38] EXEC IGC_PentagramInfoUpdate 1, 'admin', 'testmg', 0, 34, 12, 261, 49, 10, 5, 10, 3, 10, 2, 10, 15, 15, 15, 15, 15
[22:46:38] EXEC IGC_PentagramInfoUpdate 1, 'admin', 'testmg', 0, 35, 12, 505, 49, 10, 1, 10, 1, 10, 1, 10, 15, 15, 15, 15, 1
[22:46:38] EXEC IGC_PentagramInfoUpdate 1, 'admin', 'testmg', 0, 36, 12, 506, 49, 10, 1, 10, 1, 10, 1, 10, 15, 15, 15, 15, 0
[22:46:38] EXEC IGC_PentagramInfoUpdate 1, 'admin', 'testmg', 0, 37, 12, 507, 49, 10, 1, 10, 1, 10, 1, 10, 15, 15, 15, 15, 0
[22:46:38] EXEC IGC_PentagramInfoUpdate 1, 'admin', 'testmg', 0, 38, 12, 508, 49, 10, 1, 10, 1, 10, 1, 10, 15, 15, 15, 15, 0
[22:46:38] EXEC IGC_PentagramInfoUpdate 1, 'admin', 'testmg', 0, 39, 12, 261, 49, 10, 5, 10, 3, 10, 2, 10, 15, 15, 15, 15, 15
[22:46:38] EXEC IGC_PentagramInfoUpdate 1, 'admin', 'testmg', 0, 40, 12, 505, 49, 10, 1, 10, 1, 10, 1, 10, 15, 15, 15, 15, 1
[22:46:38] EXEC IGC_PentagramInfoUpdate 1, 'admin', 'testmg', 0, 41, 12, 506, 49, 10, 1, 10, 1, 10, 1, 10, 15, 15, 15, 15, 0
[22:46:38] EXEC IGC_PentagramInfoUpdate 1, 'admin', 'testmg', 0, 42, 12, 507, 49, 10, 1, 10, 1, 10, 1, 10, 15, 15, 15, 15, 0
[22:46:38] EXEC IGC_PentagramInfoUpdate 1, 'admin', 'testmg', 0, 43, 12, 508, 49, 10, 1, 10, 1, 10, 1, 10, 15, 15, 15, 15, 0
[22:46:38] EXEC IGC_PentagramInfoUpdate 1, 'admin', 'testmg', 0, 44, 12, 261, 49, 10, 5, 10, 3, 10, 2, 10, 15, 15, 15, 15, 15
[22:46:38] EXEC IGC_PentagramInfoUpdate 1, 'admin', 'testmg', 0, 55, 12, 505, 49, 10, 1, 10, 1, 10, 1, 10, 15, 15, 15, 15, 1
[22:46:38] EXEC IGC_PentagramInfoUpdate 1, 'admin', 'testmg', 0, 56, 12, 506, 49, 10, 1, 10, 1, 10, 1, 10, 15, 15, 15, 15, 0
[22:46:38] EXEC IGC_PentagramInfoUpdate 1, 'admin', 'testmg', 0, 57, 12, 507, 49, 10, 1, 10, 1, 10, 1, 10, 15, 15, 15, 15, 0
[22:46:38] EXEC IGC_PentagramInfoUpdate 1, 'admin', 'testmg', 0, 58, 12, 508, 49, 10, 1, 10, 1, 10, 1, 10, 15, 15, 15, 15, 0
[22:46:38] EXEC IGC_PentagramInfoUpdate 1, 'admin', 'testmg', 0, 59, 12, 261, 49, 10, 5, 10, 3, 10, 2, 10, 15, 15, 15, 15, 15
[22:46:38] EXEC IGC_PentagramInfoUpdate 1, 'admin', 'testmg', 0, 65, 12, 505, 49, 10, 1, 10, 1, 10, 1, 10, 15, 15, 15, 15, 1
[22:46:38] EXEC IGC_PentagramInfoUpdate 1, 'admin', 'testmg', 0, 66, 12, 506, 49, 10, 1, 10, 1, 10, 1, 10, 15, 15, 15, 15, 0
[22:46:38] EXEC IGC_PentagramInfoUpdate 1, 'admin', 'testmg', 0, 67, 12, 507, 49, 10, 1, 10, 1, 10, 1, 10, 15, 15, 15, 15, 0
[22:46:38] EXEC IGC_PentagramInfoUpdate 1, 'admin', 'testmg', 0, 68, 12, 508, 49, 10, 1, 10, 1, 10, 1, 10, 15, 15, 15, 15, 0
[22:46:38] EXEC IGC_PentagramInfoUpdate 1, 'admin', 'testmg', 0, 69, 12, 261, 49, 10, 5, 10, 3, 10, 2, 10, 15, 15, 15, 15, 15
[22:46:38] EXEC IGC_PentagramInfoUpdate 1, 'admin', 'testmg', 0, 70, 12, 505, 49, 10, 1, 10, 1, 10, 1, 10, 15, 15, 15, 15, 1
[22:46:38] EXEC IGC_PentagramInfoUpdate 1, 'admin', 'testmg', 0, 71, 12, 506, 49, 10, 1, 10, 1, 10, 1, 10, 15, 15, 15, 15, 0
[22:46:38] EXEC IGC_PentagramInfoUpdate 1, 'admin', 'testmg', 0, 72, 12, 507, 49, 10, 1, 10, 1, 10, 1, 10, 15, 15, 15, 15, 0
[22:46:38] EXEC IGC_PentagramInfoUpdate 1, 'admin', 'testmg', 0, 73, 12, 508, 49, 10, 1, 10, 1, 10, 1, 10, 15, 15, 15, 15, 0
[22:46:38] EXEC IGC_PentagramInfoUpdate 1, 'admin', 'testmg', 0, 74, 12, 261, 49, 10, 5, 10, 3, 10, 2, 10, 15, 15, 15, 15, 15
[22:46:38] EXEC IGC_PentagramInfoUpdate 1, 'admin', 'testmg', 1, 0, 12, 505, 49, 10, 1, 10, 1, 10, 1, 10, 15, 15, 15, 15, 0
[22:46:38] EXEC IGC_PentagramInfoUpdate 1, 'admin', 'testmg', 1, 1, 12, 506, 49, 10, 1, 10, 1, 10, 1, 10, 15, 15, 15, 15, 0
[22:46:38] EXEC IGC_PentagramInfoUpdate 1, 'admin', 'testmg', 1, 2, 12, 507, 49, 10, 1, 10, 1, 10, 1, 10, 15, 15, 15, 15, 0
[22:46:39] EXEC IGC_PentagramInfoUpdate 1, 'admin', 'testmg', 1, 3, 12, 508, 49, 10, 1, 10, 1, 10, 1, 10, 15, 15, 15, 15, 0
[22:46:39] EXEC IGC_PentagramInfoUpdate 1, 'admin', 'testmg', 1, 4, 12, 261, 49, 10, 5, 10, 3, 10, 2, 10, 15, 15, 15, 15, 15
[22:46:39] EXEC IGC_PentagramInfoUpdate 1, 'admin', 'testmg', 1, 5, 12, 505, 49, 10, 1, 10, 1, 10, 1, 10, 15, 15, 15, 15, 0
[22:46:39] EXEC IGC_PentagramInfoUpdate 1, 'admin', 'testmg', 1, 6, 12, 506, 49, 10, 1, 10, 1, 10, 1, 10, 15, 15, 15, 15, 0
[22:46:39] EXEC IGC_PentagramInfoUpdate 1, 'admin', 'testmg', 1, 7, 12, 507, 49, 10, 1, 10, 1, 10, 1, 10, 15, 15, 15, 15, 0
[22:46:39] EXEC IGC_PentagramInfoUpdate 1, 'admin', 'testmg', 1, 8, 12, 508, 49, 10, 1, 10, 1, 10, 1, 10, 15, 15, 15, 15, 0
[22:46:39] EXEC IGC_PentagramInfoUpdate 1, 'admin', 'testmg', 1, 9, 12, 261, 49, 10, 5, 10, 3, 10, 2, 10, 15, 15, 15, 15, 15
[22:46:39] EXEC IGC_PentagramInfoUpdate 1, 'admin', 'testmg', 1, 10, 12, 505, 49, 10, 1, 10, 1, 10, 1, 10, 15, 15, 15, 15, 0
[22:46:39] EXEC IGC_PentagramInfoUpdate 1, 'admin', 'testmg', 1, 11, 12, 506, 49, 10, 1, 10, 1, 10, 1, 10, 15, 15, 15, 15, 0
[22:46:39] EXEC IGC_PentagramInfoUpdate 1, 'admin', 'testmg', 1, 12, 12, 507, 49, 10, 1, 10, 1, 10, 1, 10, 15, 15, 15, 15, 0
[22:46:39] EXEC IGC_PentagramInfoUpdate 1, 'admin', 'testmg', 1, 13, 12, 508, 49, 10, 1, 10, 1, 10, 1, 10, 15, 15, 15, 15, 0
[22:46:39] EXEC IGC_PentagramInfoUpdate 1, 'admin', 'testmg', 1, 14, 12, 261, 49, 10, 5, 10, 3, 10, 2, 10, 15, 15, 15, 15, 15
[22:46:39] EXEC IGC_PentagramInfoUpdate 1, 'admin', 'testmg', 1, 15, 12, 505, 49, 10, 1, 10, 1, 10, 1, 10, 15, 15, 15, 15, 0
[22:46:39] EXEC IGC_PentagramInfoUpdate 1, 'admin', 'testmg', 1, 16, 12, 506, 49, 10, 1, 10, 1, 10, 1, 10, 15, 15, 15, 15, 0
[22:46:39] EXEC IGC_PentagramInfoUpdate 1, 'admin', 'testmg', 1, 17, 12, 507, 49, 10, 1, 10, 1, 10, 1, 10, 15, 15, 15, 15, 0
[22:46:39] EXEC IGC_PentagramInfoUpdate 1, 'admin', 'testmg', 1, 18, 12, 508, 49, 10, 1, 10, 1, 10, 1, 10, 15, 15, 15, 15, 0
[22:46:39] EXEC IGC_PentagramInfoUpdate 1, 'admin', 'testmg', 1, 19, 12, 261, 49, 10, 5, 10, 3, 10, 2, 10, 15, 15, 15, 15, 15
[22:46:39] EXEC IGC_PentagramInfoUpdate 1, 'admin', 'testmg', 1, 20, 12, 505, 49, 10, 1, 10, 1, 10, 1, 10, 15, 15, 15, 15, 0
[22:46:39] EXEC IGC_PentagramInfoUpdate 1, 'admin', 'testmg', 1, 21, 12, 506, 49, 10, 1, 10, 1, 10, 1, 10, 15, 15, 15, 15, 0
[22:46:39] EXEC IGC_PentagramInfoUpdate 1, 'admin', 'testmg', 1, 22, 12, 507, 49, 10, 1, 10, 1, 10, 1, 10, 15, 15, 15, 15, 0
[22:46:39] EXEC IGC_PentagramInfoUpdate 1, 'admin', 'testmg', 1, 23, 12, 508, 49, 10, 1, 10, 1, 10, 1, 10, 15, 15, 15, 15, 0
[22:46:39] EXEC IGC_PentagramInfoUpdate 1, 'admin', 'testmg', 1, 24, 12, 261, 49, 10, 5, 10, 3, 10, 2, 10, 15, 15, 15, 15, 15
[22:46:39] EXEC IGC_PentagramInfoUpdate 1, 'admin', 'testmg', 1, 25, 12, 505, 49, 10, 1, 10, 1, 10, 1, 10, 15, 15, 15, 15, 0
[22:46:39] EXEC IGC_PentagramInfoUpdate 1, 'admin', 'testmg', 1, 26, 12, 506, 49, 10, 1, 10, 1, 10, 1, 10, 15, 15, 15, 15, 0
[22:46:39] EXEC IGC_PentagramInfoUpdate 1, 'admin', 'testmg', 1, 27, 12, 507, 49, 10, 1, 10, 1, 10, 1, 10, 15, 15, 15, 15, 0
[22:46:39] EXEC IGC_PentagramInfoUpdate 1, 'admin', 'testmg', 1, 28, 12, 508, 49, 10, 1, 10, 1, 10, 1, 10, 15, 15, 15, 15, 0
[22:46:39] EXEC IGC_PentagramInfoUpdate 1, 'admin', 'testmg', 1, 29, 12, 261, 49, 10, 5, 10, 3, 10, 2, 10, 15, 15, 15, 15, 15
[22:46:39] EXEC IGC_PentagramInfoUpdate 1, 'admin', 'testmg', 1, 30, 12, 505, 49, 10, 1, 10, 1, 10, 1, 10, 15, 15, 15, 15, 0
[22:46:39] EXEC IGC_PentagramInfoUpdate 1, 'admin', 'testmg', 1, 31, 12, 506, 49, 10, 1, 10, 1, 10, 1, 10, 15, 15, 15, 15, 0
[22:46:39] EXEC IGC_PentagramInfoUpdate 1, 'admin', 'testmg', 1, 32, 12, 507, 49, 10, 1, 10, 1, 10, 1, 10, 15, 15, 15, 15, 0
[22:46:39] EXEC IGC_PentagramInfoUpdate 1, 'admin', 'testmg', 1, 33, 12, 508, 49, 10, 1, 10, 1, 10, 1, 10, 15, 15, 15, 15, 0
[22:46:39] EXEC IGC_PentagramInfoUpdate 1, 'admin', 'testmg', 1, 34, 12, 261, 49, 10, 5, 10, 3, 10, 2, 10, 15, 15, 15, 15, 15
[22:46:39] EXEC IGC_PentagramInfoUpdate 1, 'admin', 'testmg', 1, 35, 12, 505, 49, 10, 1, 10, 1, 10, 1, 10, 15, 15, 15, 15, 0
[22:46:39] EXEC IGC_PentagramInfoUpdate 1, 'admin', 'testmg', 1, 36, 12, 506, 49, 10, 1, 10, 1, 10, 1, 10, 15, 15, 15, 15, 0
[22:46:39] EXEC IGC_PentagramInfoUpdate 1, 'admin', 'testmg', 1, 37, 12, 507, 49, 10, 1, 10, 1, 10, 1, 10, 15, 15, 15, 15, 0
[22:46:39] EXEC IGC_PentagramInfoUpdate 1, 'admin', 'testmg', 1, 38, 12, 508, 49, 10, 1, 10, 1, 10, 1, 10, 15, 15, 15, 15, 0
[22:46:39] EXEC IGC_PentagramInfoUpdate 1, 'admin', 'testmg', 1, 39, 12, 261, 49, 10, 5, 10, 3, 10, 2, 10, 15, 15, 15, 15, 15
[22:46:39] EXEC IGC_PentagramInfoUpdate 1, 'admin', 'testmg', 1, 40, 12, 505, 49, 10, 1, 10, 1, 10, 1, 10, 15, 15, 15, 15, 0
[22:46:39] EXEC IGC_PentagramInfoUpdate 1, 'admin', 'testmg', 1, 41, 12, 506, 49, 10, 1, 10, 1, 10, 1, 10, 15, 15, 15, 15, 0
[22:46:39] EXEC IGC_PentagramInfoUpdate 1, 'admin', 'testmg', 1, 42, 12, 507, 49, 10, 1, 10, 1, 10, 1, 10, 15, 15, 15, 15, 0
[22:46:39] EXEC IGC_PentagramInfoUpdate 1, 'admin', 'testmg', 1, 43, 12, 508, 49, 10, 1, 10, 1, 10, 1, 10, 15, 15, 15, 15, 0
[22:46:39] EXEC IGC_PentagramInfoUpdate 1, 'admin', 'testmg', 1, 44, 12, 261, 49, 10, 5, 10, 3, 10, 2, 10, 15, 15, 15, 15, 15
[22:46:39] EXEC IGC_PentagramInfoUpdate 1, 'admin', 'testmg', 1, 45, 12, 505, 49, 10, 1, 10, 1, 10, 1, 10, 15, 15, 15, 15, 0
[22:46:39] EXEC IGC_PentagramInfoUpdate 1, 'admin', 'testmg', 1, 46, 12, 506, 49, 10, 1, 10, 1, 10, 1, 10, 15, 15, 15, 15, 0
[22:46:39] EXEC IGC_PentagramInfoUpdate 1, 'admin', 'testmg', 1, 47, 12, 507, 49, 10, 1, 10, 1, 10, 1, 10, 15, 15, 15, 15, 0
[22:46:39] EXEC IGC_PentagramInfoUpdate 1, 'admin', 'testmg', 1, 48, 12, 508, 49, 10, 1, 10, 1, 10, 1, 10, 15, 15, 15, 15, 0
[22:46:39] EXEC IGC_PentagramInfoUpdate 1, 'admin', 'testmg', 1, 49, 12, 261, 49, 10, 5, 10, 3, 10, 2, 10, 15, 15, 15, 15, 15
[22:46:39] UPDATE T_Event_Inventory SET Inventory=? WHERE Name = 'testmg'
[22:46:39] EXEC IGC_EvolutionMonsterInfoSave 'admin', 'testmg', 681, 4, 5, -1, 0, 0, -1, 0, 0, -1, 0, 0, -1, 0, 0, 246167
[22:46:39] EXEC IGC_SetSaveRestoreInventory 'admin', 'testmg', ?
[22:46:39] EXEC IGC_EventMapEnterCount_Set 'testmg', 0, 0, 0, 0, 0, 0, 0
[22:46:39] EXEC IGC_HuntingRecordInfoUserOpenSave 'admin', 'testmg', 1
[22:46:39] DELETE FROM IGC_BlockChat WHERE Name = 'testmg'
