[22:46:20] [admin][testmg]MI[2,Great Wizard Eithamu,0,0,0,0] Rank:[4] Expire:[0] serial:[153459] dur:[0] Ex:[0,0,0,0,0,0,0,0,0,0,0] Set[0]
[22:46:20] [admin][testmg]MI[3,Tibetton,1,0,0,0] Rank:[3] Expire:[1] serial:[156459] dur:[255] Ex:[0,0,0,0,0,0,0,0,0,0,0] Set[0]
[22:46:20] [admin][testmg]MI[4,Tibetton (Evolved),0,0,0,0] Rank:[3] Expire:[1] serial:[156458] dur:[255] Ex:[0,0,0,0,0,0,0,0,0,0,0] Set[0]
[22:46:20] [admin][testmg]EI[0,Minor Evomon Box,0,0,0,0]serial:[150460] dur:[1] Ex:[0,0,0,0,0,0,0,0,0,0,0] Set[0] 380:[0] HO:[0,0] SC[255,255,255,255,255] BonusOption[0]
[22:46:20] [admin][testmg]EI[1,Minor Evomon Box,0,0,0,0]serial:[150465] dur:[1] Ex:[0,0,0,0,0,0,0,0,0,0,0] Set[0] 380:[0] HO:[0,0] SC[255,255,255,255,255] BonusOption[0]
[22:46:20] [admin][testmg]EI[2,[Event] Lower Box,0,0,0,0]serial:[492912] dur:[1] Ex:[0,0,0,0,0,0,0,0,0,0,0] Set[0] 380:[0] HO:[0,0] SC[255,255,255,255,255] BonusOption[0]
[22:46:21] [admin][testmg]RI_LOAD[0,Horn of Fenrir,0,1,0,0]serial:[448687] dur:[255] Ex:[0,0,0,1,0,0,0] Set[0] 380:[0] HO:[0,0] SC[255,255,255,255,255] BonusOption[0] ET[2023:06:02 20:30:23]
[22:46:21] [admin][testmg]RI_LOAD[1,Brilliant Book,0,0,1,7]serial:[492949] dur:[62] Ex:[1,0,0,1,1,1,1] Set[0] 380:[0] HO:[0,0] SC[6,7,255,255,255] BonusOption[0] ET[2023:06:02 21:27:04]
[22:46:21] [admin][testmg]RI_EX_L[2,Asura,0,0,1,0]serial:[313576] dur:[101] Ex:[0,0,0,0,0,0,0] Set[0] 380:[0] HO:[0,0] SC[254,254,254,254,254] BonusOption[255] ET[2023:05:18 01:17:07]
[22:46:38] [admin][testmg] Skill Save Complete 0 12
[22:46:38] [admin][testmg] Skill Save Complete 1 2012
[22:46:38] [admin][testmg] Skill Save Complete 2 13
[22:46:38] [admin][testmg] Skill Save Complete 3 2015
[22:46:38] [admin][testmg] Skill Save Complete 4 733
[22:46:38] [admin][testmg] Skill Save Complete 5 2016
[22:46:38] [admin][testmg] Skill Save Complete 6 9
[22:46:38] [admin][testmg] Skill Save Complete 7 4
[22:46:38] [admin][testmg] Skill Save Complete 8 732
[22:46:38] [admin][testmg] Skill Save Complete 9 55
[22:46:38] [admin][testmg] Skill Save Complete 10 5
[22:46:38] [admin][testmg] Skill Save Complete 11 236
[22:46:38] [admin][testmg] Skill Save Complete 12 237
[22:46:38] [admin][testmg] Skill Save Complete 13 2013
[22:46:38] [admin][testmg] Skill Save Complete 14 10
[22:46:38] [admin][testmg] Skill Save Complete 15 7
[22:46:38] [admin][testmg] Skill Save Complete 16 731
[22:46:38] [admin][testmg] Skill Save Complete 17 14
[22:46:38] [admin][testmg] Skill Save Complete 18 3
[22:46:38] [admin][testmg] Skill Save Complete 19 73
[22:46:38] [admin][testmg] Skill Save Complete 20 734
[22:46:38] [admin][testmg] Skill Save Complete 21 2
[22:46:38] [admin][testmg] Skill Save Complete 22 1
[22:46:38] [admin][testmg] Skill Save Complete 23 11
[22:46:38] [admin][testmg] Skill Save Complete 24 2014
[22:46:38] [admin][testmg] Skill Save Complete 25 57
[22:46:38] [admin][testmg] Skill Save Complete 26 8
[22:46:38] [admin][testmg] Skill Save Complete 27 41
[22:46:38] [admin][testmg] Skill Save Complete 28 319
[22:46:38] [admin][testmg] Skill Save Complete 29 315
[22:46:38] [admin][testmg] Skill Save Complete 30 303
[22:46:38] [admin][testmg] Skill Save Complete 31 310
[22:46:38] [admin][testmg] Skill Save Complete 32 307
[22:46:38] [admin][testmg] Skill Save Complete 33 309
[22:46:38] [admin][testmg] Skill Save Complete 34 313
[22:46:38] [admin][testmg] Skill Save Complete 35 300
[22:46:38] [admin][testmg] Skill Save Complete 36 305
[22:46:38] [admin][testmg] Skill Save Complete 37 312
[22:46:38] [admin][testmg] Skill Save Complete 38 746
[22:46:38] [admin][testmg] Skill Save Complete 39 317
[22:46:38] [admin][testmg] Skill Save Complete 40 302
[22:46:38] [admin][testmg] Skill Save Complete 41 663
[22:46:38] [admin][testmg] Skill Save Complete 42 301
[22:46:38] [admin][testmg] Skill Save Complete 43 306
[22:46:38] [admin][testmg] Skill Save Complete 44 665
[22:46:38] [admin][testmg] Skill Save Complete 45 318
[22:46:38] [admin][testmg] Skill Save Complete 46 666
[22:46:38] [admin][testmg] Skill Save Complete 47 320
[22:46:38] [admin][testmg] Skill Save Complete 48 316
[22:46:38] [admin][testmg] Skill Save Complete 49 664
[22:46:38] [admin][testmg] Skill Save Complete 50 478
[22:46:38] [admin][testmg] Skill Save Complete 51 476
[22:46:38] [admin][testmg] Skill Save Complete 52 325
[22:46:38] [admin][testmg] Skill Save Complete 53 484
[22:46:38] [admin][testmg] Skill Save Complete 54 344
[22:46:38] [admin][testmg] Skill Save Complete 55 346
[22:46:38] [admin][testmg] Skill Save Complete 56 868
[22:46:38] [admin][testmg] Skill Save Complete 57 867
[22:46:38] [admin][testmg] Skill Save Complete 58 479
[22:46:38] [admin][testmg] Skill Save Complete 59 495
[22:46:38] [admin][testmg] Skill Save Complete 60 497
[22:46:38] [admin][testmg] Skill Save Complete 61 870
[22:46:38] [admin][testmg] Skill Save Complete 62 869
[22:46:38] [admin][testmg] Skill Save Complete 63 487
[22:46:38] [admin][testmg] Skill Save Complete 64 493
[22:46:38] [admin][testmg] Skill Save Complete 65 490
[22:46:38] [admin][testmg] Skill Save Complete 66 483
[22:46:38] [admin][testmg] Skill Save Complete 67 496
[22:46:38] [admin][testmg] Skill Save Complete 68 480
[22:46:38] [admin][testmg] Skill Save Complete 69 488
[22:46:38] [admin][testmg] Skill Save Complete 70 743
[22:46:38] [admin][testmg] Skill Save Complete 71 341
[22:46:38] [admin][testmg] Skill Save Complete 72 334
[22:46:38] [admin][testmg] Skill Save Complete 73 338
[22:46:38] [admin][testmg] Skill Save Complete 74 482
[22:46:38] [admin][testmg] Skill Save Complete 75 866
[22:46:38] [admin][testmg] Skill Save Complete 76 865
[22:46:38] [admin][testmg] Skill Save Complete 77 481
[22:46:38] [admin][testmg] Skill Save Complete 78 485
[22:46:38] [admin][testmg] Skill Save Complete 79 668
[22:46:38] [admin][testmg] Skill Save Complete 80 347
[22:46:38] [admin][testmg] Skill Save Complete 81 371
[22:46:38] [admin][testmg] Skill Save Complete 82 366
[22:46:38] [admin][testmg] Skill Save Complete 83 370
[22:46:38] [admin][testmg] Skill Save Complete 84 369
[22:46:38] [admin][testmg] Skill Save Complete 85 357
[22:46:38] [admin][testmg] Skill Save Complete 86 364
[22:46:38] [admin][testmg] Skill Save Complete 87 407
[22:46:38] [admin][testmg] Skill Save Complete 88 361
[22:46:38] [admin][testmg] Skill Save Complete 89 405
[22:46:38] [admin][testmg] Skill Save Complete 90 359
[22:46:38] [admin][testmg] Skill Save Complete 91 362
[22:46:38] [admin][testmg] Skill Save Complete 92 358
[22:46:38] [admin][testmg] Skill Save Complete 93 400
[22:46:38] [admin][testmg] Skill Save Complete 94 397
[22:46:38] [admin][testmg] Skill Save Complete 95 353
[22:46:38] [admin][testmg] Skill Save Complete 96 349
[22:46:38] [admin][testmg] Skill Save Complete 97 368
[22:46:38] [admin][testmg] Skill Save Complete 98 367
[22:46:38] [admin][testmg] Skill Save Complete 99 372
[22:46:38] [admin][testmg] Skill Save Complete 100 669
[22:46:38] [admin][testmg] Skill Save Complete 101 874
[22:46:38] [admin][testmg] Skill Save Complete 102 872
[22:46:38] [admin][testmg] Skill Save Complete 103 873
[22:46:38] [admin][testmg] Skill Save Complete 104 871
[22:46:38] [admin][testmg] Skill Save Complete 105 1010
[22:46:38] [admin][testmg] Skill Save Complete 106 1036
[22:46:38] [admin][testmg] Skill Save Complete 107 1058
[22:46:38] [admin][testmg] Skill Save Complete 108 1048
[22:46:38] [admin][testmg] Skill Save Complete 109 1046
[22:46:38] [admin][testmg] Skill Save Complete 110 1060
[22:46:38] [admin][testmg] Skill Save Complete 111 1030
[22:46:38] [admin][testmg] Skill Save Complete 112 1002
[22:46:38] [admin][testmg] Skill Save Complete 113 1094
[22:46:38] [admin][testmg] Skill Save Complete 114 1038
[22:46:38] [admin][testmg] Skill Save Complete 115 1007
[22:46:38] [admin][testmg] Skill Save Complete 116 1008
[22:46:38] [admin][testmg] Skill Save Complete 117 1034
[22:46:38] [admin][testmg] Skill Save Complete 118 1026
[22:46:38] [admin][testmg] Skill Save Complete 119 1024
[22:46:38] [admin][testmg] Skill Save Complete 120 1040
[22:46:38] [admin][testmg] Skill Save Complete 121 1042
[22:46:38] [admin][testmg] Skill Save Complete 122 1174
[22:46:38] [admin][testmg] Skill Save Complete 123 1180
[22:46:38] [admin][testmg] Skill Save Complete 124 1181
[22:46:38] [admin][testmg] Skill Save Complete 125 1186
[22:46:38] [admin][testmg] Skill Save Complete 126 1187
[22:46:38] [admin][testmg] Skill Save Complete 127 1168
[22:46:38] [admin][testmg] Skill Save Complete 128 1169
[22:46:38] [admin][testmg] Skill Save Complete 129 1172
[22:46:38] [admin][testmg] Skill Save Complete 130 1178
[22:46:38] [admin][testmg] Skill Save Complete 131 1179
[22:46:38] [admin][testmg] Skill Save Complete 132 1184
[22:46:38] [admin][testmg] Skill Save Complete 133 1185
[22:46:38] [admin][testmg] Skill Save Complete 134 1166
[22:46:38] [admin][testmg] Skill Save Complete 135 1167
[22:46:38] [admin][testmg] Skill Save Complete 136 1032
[22:46:38] [admin][testmg] Skill Save Complete 137 1001
[22:46:38] [admin][testmg] Skill Save Complete 138 1191
[22:46:38] [admin][testmg] Skill Save Complete 139 1190
[22:46:38] [admin][testmg] Skill Save Complete 140 1028
[22:46:38] [admin][testmg] Skill Save Complete 141 1020
[22:46:38] [admin][testmg] Skill Save Complete 142 1010
[22:46:38] [admin][testmg] Skill Save Complete 143 1047
[22:46:38] [admin][testmg] Skill Save Complete 144 1048
[22:46:38] [admin][testmg] Skill Save Complete 145 1059
[22:46:38] [admin][testmg] Skill Save Complete 146 1060
[22:46:38] [admin][testmg] Skill Save Complete 147 1030
[22:46:38] [admin][testmg] Skill Save Complete 148 1029
[22:46:38] [admin][testmg] Skill Save Complete 149 1002
[22:46:38] [admin][testmg] Skill Save Complete 150 1037
[22:46:38] [admin][testmg] Skill Save Complete 151 1038
[22:46:38] [admin][testmg] Skill Save Complete 152 1095
[22:46:38] [admin][testmg] Skill Save Complete 153 1007
[22:46:38] [admin][testmg] Skill Save Complete 154 1008
[22:46:38] [admin][testmg] Skill Save Complete 155 1034
[22:46:38] [admin][testmg] Skill Save Complete 156 1026
[22:46:38] [admin][testmg] Skill Save Complete 157 1025
[22:46:38] [admin][testmg] Skill Save Complete 158 1041
[22:46:38] [admin][testmg] Skill Save Complete 159 1042
[22:46:38] [admin][testmg] Skill Save Complete 160 1033
[22:46:38] [admin][testmg] Skill Save Complete 161 1176
[22:46:38] [admin][testmg] Skill Save Complete 162 1182
[22:46:38] [admin][testmg] Skill Save Complete 163 1183
[22:46:38] [admin][testmg] Skill Save Complete 164 1188
[22:46:38] [admin][testmg] Skill Save Complete 165 1189
[22:46:38] [admin][testmg] Skill Save Complete 166 1170
[22:46:38] [admin][testmg] Skill Save Complete 167 1171
[22:46:38] [admin][testmg] Skill Save Complete 168 1174
[22:46:38] [admin][testmg] Skill Save Complete 169 1180
[22:46:38] [admin][testmg] Skill Save Complete 170 1181
[22:46:38] [admin][testmg] Skill Save Complete 171 1186
[22:46:38] [admin][testmg] Skill Save Complete 172 1187
[22:46:38] [admin][testmg] Skill Save Complete 173 1168
[22:46:38] [admin][testmg] Skill Save Complete 174 1169
[22:46:38] [admin][testmg] Skill Save Complete 175 1001
[22:46:38] [admin][testmg] Skill Save Complete 176 1192
[22:46:38] [admin][testmg] Skill Save Complete 177 1191
[22:46:38] [admin][testmg] Skill Save Complete 178 1020
[22:46:38] [admin][testmg] Skill Save Complete 179 1010
[22:46:38] [admin][testmg] Skill Save Complete 180 1036
[22:46:38] [admin][testmg] Skill Save Complete 181 1058
[22:46:38] [admin][testmg] Skill Save Complete 182 1048
[22:46:38] [admin][testmg] Skill Save Complete 183 1046
[22:46:38] [admin][testmg] Skill Save Complete 184 1060
[22:46:38] [admin][testmg] Skill Save Complete 185 1030
[22:46:38] [admin][testmg] Skill Save Complete 186 1002
[22:46:38] [admin][testmg] Skill Save Complete 187 1092
[22:46:38] [admin][testmg] Skill Save Complete 188 1038
[22:46:38] [admin][testmg] Skill Save Complete 189 1007
[22:46:38] [admin][testmg] Skill Save Complete 190 1008
[22:46:38] [admin][testmg] Skill Save Complete 191 1034
[22:46:38] [admin][testmg] Skill Save Complete 192 1026
[22:46:38] [admin][testmg] Skill Save Complete 193 1024
[22:46:38] [admin][testmg] Skill Save Complete 194 1040
[22:46:38] [admin][testmg] Skill Save Complete 195 1042
[22:46:38] [admin][testmg] Skill Save Complete 196 1174
[22:46:38] [admin][testmg] Skill Save Complete 197 1180
[22:46:38] [admin][testmg] Skill Save Complete 198 1181
[22:46:38] [admin][testmg] Skill Save Complete 199 1186
[22:46:38] [admin][testmg] Skill Save Complete 200 1187
[22:46:38] [admin][testmg] Skill Save Complete 201 1168
[22:46:38] [admin][testmg] Skill Save Complete 202 1169
[22:46:38] [admin][testmg] Skill Save Complete 203 1172
[22:46:38] [admin][testmg] Skill Save Complete 204 1178
[22:46:38] [admin][testmg] Skill Save Complete 205 1179
[22:46:38] [admin][testmg] Skill Save Complete 206 1184
[22:46:38] [admin][testmg] Skill Save Complete 207 1185
[22:46:38] [admin][testmg] Skill Save Complete 208 1166
[22:46:38] [admin][testmg] Skill Save Complete 209 1167
[22:46:38] [admin][testmg] Skill Save Complete 210 1032
[22:46:38] [admin][testmg] Skill Save Complete 211 1001
[22:46:38] [admin][testmg] Skill Save Complete 212 1191
[22:46:38] [admin][testmg] Skill Save Complete 213 1190
[22:46:38] [admin][testmg] Skill Save Complete 214 1028
[22:46:38] [admin][testmg] Skill Save Complete 215 1020
[22:46:38] [admin][testmg] Skill Save Complete 216 1010
[22:46:38] [admin][testmg] Skill Save Complete 217 1047
[22:46:38] [admin][testmg] Skill Save Complete 218 1048
[22:46:38] [admin][testmg] Skill Save Complete 219 1059
[22:46:38] [admin][testmg] Skill Save Complete 220 1060
[22:46:38] [admin][testmg] Skill Save Complete 221 1030
[22:46:38] [admin][testmg] Skill Save Complete 222 1214
[22:46:38] [admin][testmg] Skill Save Complete 223 1029
[22:46:38] [admin][testmg] Skill Save Complete 224 1002
[22:46:38] [admin][testmg] Skill Save Complete 225 1037
[22:46:38] [admin][testmg] Skill Save Complete 226 1038
[22:46:38] [admin][testmg] Skill Save Complete 227 1007
[22:46:38] [admin][testmg] Skill Save Complete 228 1008
[22:46:38] [admin][testmg] Skill Save Complete 229 1034
[22:46:38] [admin][testmg] Skill Save Complete 230 1026
[22:46:38] [admin][testmg] Skill Save Complete 231 1025
[22:46:38] [admin][testmg] Skill Save Complete 232 1041
[22:46:38] [admin][testmg] Skill Save Complete 233 1042
[22:46:38] [admin][testmg] Skill Save Complete 234 1033
[22:46:38] [admin][testmg] Skill Save Complete 235 1176
[22:46:38] [admin][testmg] Skill Save Complete 236 1182
[22:46:38] [admin][testmg] Skill Save Complete 237 1183
[22:46:38] [admin][testmg] Skill Save Complete 238 1188
[22:46:38] [admin][testmg] Skill Save Complete 239 1189
[22:46:38] [admin][testmg] Skill Save Complete 240 1170
[22:46:38] [admin][testmg] Skill Save Complete 241 1171
[22:46:38] [admin][testmg] Skill Save Complete 242 1174
[22:46:38] [admin][testmg] Skill Save Complete 243 1180
[22:46:38] [admin][testmg] Skill Save Complete 244 1181
[22:46:38] [admin][testmg] Skill Save Complete 245 1186
[22:46:38] [admin][testmg] Skill Save Complete 246 1187
[22:46:38] [admin][testmg] Skill Save Complete 247 1168
[22:46:38] [admin][testmg] Skill Save Complete 248 1169
[22:46:38] [admin][testmg] Skill Save Complete 249 1001
[22:46:38] [admin][testmg] Skill Save Complete 250 1192
[22:46:38] [admin][testmg] Skill Save Complete 251 1191
[22:46:38] [admin][testmg] Skill Save Complete 252 1020
[22:46:38] [admin][testmg] Skill Save Complete 253 1010
[22:46:38] [admin][testmg] Skill Save Complete 254 1047
[22:46:38] [admin][testmg] Skill Save Complete 255 1048
[22:46:38] [admin][testmg] Skill Save Complete 256 1059
[22:46:38] [admin][testmg] Skill Save Complete 257 1060
[22:46:38] [admin][testmg] Skill Save Complete 258 1030
[22:46:38] [admin][testmg] Skill Save Complete 259 1029
[22:46:38] [admin][testmg] Skill Save Complete 260 1089
[22:46:38] [admin][testmg] Skill Save Complete 261 1002
[22:46:38] [admin][testmg] Skill Save Complete 262 1037
[22:46:38] [admin][testmg] Skill Save Complete 263 1038
[22:46:38] [admin][testmg] Skill Save Complete 264 1007
[22:46:38] [admin][testmg] Skill Save Complete 265 1034
[22:46:38] [admin][testmg] Skill Save Complete 266 1026
[22:46:38] [admin][testmg] Skill Save Complete 267 1025
[22:46:38] [admin][testmg] Skill Save Complete 268 1041
[22:46:38] [admin][testmg] Skill Save Complete 269 1042
[22:46:38] [admin][testmg] Skill Save Complete 270 1033
[22:46:38] [admin][testmg] Skill Save Complete 271 1176
[22:46:38] [admin][testmg] Skill Save Complete 272 1182
[22:46:38] [admin][testmg] Skill Save Complete 273 1183
[22:46:38] [admin][testmg] Skill Save Complete 274 1188
[22:46:38] [admin][testmg] Skill Save Complete 275 1189
[22:46:38] [admin][testmg] Skill Save Complete 276 1170
[22:46:38] [admin][testmg] Skill Save Complete 277 1171
[22:46:38] [admin][testmg] Skill Save Complete 278 1174
[22:46:38] [admin][testmg] Skill Save Complete 279 1180
[22:46:38] [admin][testmg] Skill Save Complete 280 1181
[22:46:38] [admin][testmg] Skill Save Complete 281 1186
[22:46:38] [admin][testmg] Skill Save Complete 282 1187
[22:46:38] [admin][testmg] Skill Save Complete 283 1168
[22:46:38] [admin][testmg] Skill Save Complete 284 1169
[22:46:38] [admin][testmg] Skill Save Complete 285 1001
[22:46:38] [admin][testmg] Skill Save Complete 286 1011
[22:46:38] [admin][testmg] Skill Save Complete 287 1192
[22:46:38] [admin][testmg] Skill Save Complete 288 1191
[22:46:38] [admin][testmg] Skill Save Complete 289 1021
[22:46:38] [admin][testmg] Skill Save Complete 290 1010
[22:46:38] [admin][testmg] Skill Save Complete 291 1036
[22:46:38] [admin][testmg] Skill Save Complete 292 1058
[22:46:38] [admin][testmg] Skill Save Complete 293 1048
[22:46:38] [admin][testmg] Skill Save Complete 294 1046
[22:46:38] [admin][testmg] Skill Save Complete 295 1060
[22:46:38] [admin][testmg] Skill Save Complete 296 1030
[22:46:38] [admin][testmg] Skill Save Complete 297 1002
[22:46:38] [admin][testmg] Skill Save Complete 298 1087
[22:46:38] [admin][testmg] Skill Save Complete 299 1038
[22:46:38] [admin][testmg] Skill Save Complete 300 1007
[22:46:38] [admin][testmg] Skill Save Complete 301 1034
[22:46:38] [admin][testmg] Skill Save Complete 302 1026
[22:46:38] [admin][testmg] Skill Save Complete 303 1024
[22:46:38] [admin][testmg] Skill Save Complete 304 1040
[22:46:38] [admin][testmg] Skill Save Complete 305 1042
[22:46:38] [admin][testmg] Skill Save Complete 306 1174
[22:46:38] [admin][testmg] Skill Save Complete 307 1180
[22:46:38] [admin][testmg] Skill Save Complete 308 1181
[22:46:38] [admin][testmg] Skill Save Complete 309 1186
[22:46:38] [admin][testmg] Skill Save Complete 310 1187
[22:46:38] [admin][testmg] Skill Save Complete 311 1168
[22:46:38] [admin][testmg] Skill Save Complete 312 1169
[22:46:38] [admin][testmg] Skill Save Complete 313 1172
[22:46:38] [admin][testmg] Skill Save Complete 314 1178
[22:46:38] [admin][testmg] Skill Save Complete 315 1179
[22:46:38] [admin][testmg] Skill Save Complete 316 1184
[22:46:38] [admin][testmg] Skill Save Complete 317 1185
[22:46:38] [admin][testmg] Skill Save Complete 318 1166
[22:46:38] [admin][testmg] Skill Save Complete 319 1167
[22:46:38] [admin][testmg] Skill Save Complete 320 1032
[22:46:38] [admin][testmg] Skill Save Complete 321 1009
[22:46:38] [admin][testmg] Skill Save Complete 322 1001
[22:46:38] [admin][testmg] Skill Save Complete 323 1191
[22:46:38] [admin][testmg] Skill Save Complete 324 1190
[22:46:38] [admin][testmg] Skill Save Complete 325 1028
[22:46:38] [admin][testmg] Skill Save Complete 326 1021
[22:46:38] [admin][testmg] Skill Save Complete 327 1010
[22:46:38] [admin][testmg] Skill Save Complete 328 1036
[22:46:38] [admin][testmg] Skill Save Complete 329 1058
[22:46:38] [admin][testmg] Skill Save Complete 330 1047
[22:46:38] [admin][testmg] Skill Save Complete 331 1046
[22:46:38] [admin][testmg] Skill Save Complete 332 1059
[22:46:38] [admin][testmg] Skill Save Complete 333 1029
[22:46:38] [admin][testmg] Skill Save Complete 334 1002
[22:46:38] [admin][testmg] Skill Save Complete 335 1088
[22:46:38] [admin][testmg] Skill Save Complete 336 1037
[22:46:38] [admin][testmg] Skill Save Complete 337 1007
[22:46:38] [admin][testmg] Skill Save Complete 338 1008
[22:46:38] [admin][testmg] Skill Save Complete 339 1025
[22:46:38] [admin][testmg] Skill Save Complete 340 1024
[22:46:38] [admin][testmg] Skill Save Complete 341 1040
[22:46:38] [admin][testmg] Skill Save Complete 342 1041
[22:46:38] [admin][testmg] Skill Save Complete 343 1033
[22:46:38] [admin][testmg] Skill Save Complete 344 1176
[22:46:38] [admin][testmg] Skill Save Complete 345 1182
[22:46:38] [admin][testmg] Skill Save Complete 346 1183
[22:46:38] [admin][testmg] Skill Save Complete 347 1188
[22:46:38] [admin][testmg] Skill Save Complete 348 1189
[22:46:38] [admin][testmg] Skill Save Complete 349 1170
[22:46:38] [admin][testmg] Skill Save Complete 350 1171
[22:46:38] [admin][testmg] Skill Save Complete 351 1172
[22:46:38] [admin][testmg] Skill Save Complete 352 1178
[22:46:38] [admin][testmg] Skill Save Complete 353 1179
[22:46:38] [admin][testmg] Skill Save Complete 354 1184
[22:46:38] [admin][testmg] Skill Save Complete 355 1185
[22:46:38] [admin][testmg] Skill Save Complete 356 1166
[22:46:38] [admin][testmg] Skill Save Complete 357 1167
[22:46:38] [admin][testmg] Skill Save Complete 358 1032
[22:46:38] [admin][testmg] Skill Save Complete 359 1001
[22:46:38] [admin][testmg] Skill Save Complete 360 1192
[22:46:38] [admin][testmg] Skill Save Complete 361 1190
[22:46:38] [admin][testmg] Skill Save Complete 362 1028
[22:46:38] [admin][testmg] Skill Save Complete 363 1021
[22:46:38] [admin][testmg] Skill Save Complete 364 1036
[22:46:38] [admin][testmg] Skill Save Complete 365 1058
[22:46:38] [admin][testmg] Skill Save Complete 366 1048
[22:46:38] [admin][testmg] Skill Save Complete 367 1046
[22:46:38] [admin][testmg] Skill Save Complete 368 1060
[22:46:38] [admin][testmg] Skill Save Complete 369 1030
[22:46:38] [admin][testmg] Skill Save Complete 370 1002
[22:46:38] [admin][testmg] Skill Save Complete 371 1215
[22:46:38] [admin][testmg] Skill Save Complete 372 1038
[22:46:38] [admin][testmg] Skill Save Complete 373 1007
[22:46:38] [admin][testmg] Skill Save Complete 374 1008
[22:46:38] [admin][testmg] Skill Save Complete 375 1034
[22:46:38] [admin][testmg] Skill Save Complete 376 1026
[22:46:38] [admin][testmg] Skill Save Complete 377 1024
[22:46:38] [admin][testmg] Skill Save Complete 378 1040
[22:46:38] [admin][testmg] Skill Save Complete 379 1042
[22:46:38] [admin][testmg] Skill Save Complete 380 1174
[22:46:38] [admin][testmg] Skill Save Complete 381 1180
[22:46:38] [admin][testmg] Skill Save Complete 382 1181
[22:46:38] [admin][testmg] Skill Save Complete 383 1186
[22:46:38] [admin][testmg] Skill Save Complete 384 1187
[22:46:38] [admin][testmg] Skill Save Complete 385 1168
[22:46:38] [admin][testmg] Skill Save Complete 386 1169
[22:46:38] [admin][testmg] Skill Save Complete 387 1172
[22:46:38] [admin][testmg] Skill Save Complete 388 1178
[22:46:38] [admin][testmg] Skill Save Complete 389 1179
[22:46:38] [admin][testmg] Skill Save Complete 390 1184
[22:46:38] [admin][testmg] Skill Save Complete 391 1185
[22:46:38] [admin][testmg] Skill Save Complete 392 1166
[22:46:38] [admin][testmg] Skill Save Complete 393 1167
[22:46:38] [admin][testmg] Skill Save Complete 394 1032
[22:46:38] [admin][testmg] Skill Save Complete 395 1001
[22:46:38] [admin][testmg] Skill Save Complete 396 1012
[22:46:38] [admin][testmg] Skill Save Complete 397 1191
[22:46:38] [admin][testmg] Skill Save Complete 398 1190
[22:46:38] [admin][testmg] Skill Save Complete 399 1028
[22:46:38] [admin][testmg] Skill Save Complete 400 1021
[22:46:38] [admin][testmg] Skill Save Complete 401 1140
[22:46:38] [admin][testmg] Skill Save Complete 402 1139
[22:46:38] [admin][testmg] Skill Save Complete 403 1137
[22:46:38] [admin][testmg] Skill Save Complete 404 1194
[22:46:38] [admin][testmg] Skill Save Complete 405 1146
[22:46:38] [admin][testmg] Skill Save Complete 406 1144
[22:46:38] [admin][testmg] Skill Save Complete 407 67
[22:46:38] [admin][testmg] Skill Save Complete 408 68
[22:46:38] [admin][testmg] Skill Save Complete 409 69
[22:46:38] [admin][testmg] Skill Save Complete 410 70
[22:46:38] [admin][testmg] Skill Save Complete 411 71
[22:46:38] [admin][testmg] SI[12,Spider Artifact Box,0,0,0,0]serial:[493052] dur:[50] Ex:[0,0,0,0,0,0,0,0,0,0,0] Set[0] 380:[0] HO:[0,0] SC[255,255,255,255,255] BonusOption[0]
[22:46:38] [admin][testmg] SI[13,Spider Artifact Box,0,0,0,0]serial:[493053] dur:[33] Ex:[0,0,0,0,0,0,0,0,0,0,0] Set[0] 380:[0] HO:[0,0] SC[255,255,255,255,255] BonusOption[0]
[22:46:38] [admin][testmg] SI[14,Spider Artifact Box,0,0,0,0]serial:[493054] dur:[49] Ex:[0,0,0,0,0,0,0,0,0,0,0] Set[0] 380:[0] HO:[0,0] SC[255,255,255,255,255] BonusOption[0]
[22:46:38] [admin][testmg] SI[15,Spider Artifact 6, 7" Box,0,0,0,0]serial:[493055] dur:[49] Ex:[0,0,0,0,0,0,0,0,0,0,0] Set[0] 380:[0] HO:[0,0] SC[255,255,255,255,255] BonusOption[0]
[22:46:38] [admin][testmg] SI[16,Spider Artifact 6, 7" Box,0,0,0,0]serial:[493056] dur:[50] Ex:[0,0,0,0,0,0,0,0,0,0,0] Set[0] 380:[0] HO:[0,0] SC[255,255,255,255,255] BonusOption[0]
[22:46:38] [admin][testmg] SI[17,Spider Artifact 6, 7" Box,0,0,0,0]serial:[493057] dur:[50] Ex:[0,0,0,0,0,0,0,0,0,0,0] Set[0] 380:[0] HO:[0,0] SC[255,255,255,255,255] BonusOption[0]
[22:46:38] [admin][testmg] SI[18,Artifact Enchantment Stone,0,0,0,0]serial:[0] dur:[117] Ex:[0,0,0,0,0,0,0,0,0,0,0] Set[0] 380:[0] HO:[0,0] SC[255,255,255,255,255] BonusOption[0]
[22:46:38] [admin][testmg] SI[19,Artifact Enchantment Stone,0,0,0,0]serial:[493059] dur:[255] Ex:[0,0,0,0,0,0,0,0,0,0,0] Set[0] 380:[0] HO:[0,0] SC[255,255,255,255,255] BonusOption[0]
[22:46:38] [admin][testmg] SI[20,Artifact Enchantment Stone,0,0,0,0]serial:[493060] dur:[255] Ex:[0,0,0,0,0,0,0,0,0,0,0] Set[0] 380:[0] HO:[0,0] SC[255,255,255,255,255] BonusOption[0]
[22:46:38] [admin][testmg] SI[21,Artifact Enchantment Stone,0,0,0,0]serial:[493061] dur:[255] Ex:[0,0,0,0,0,0,0,0,0,0,0] Set[0] 380:[0] HO:[0,0] SC[255,255,255,255,255] BonusOption[0]
[22:46:38] [admin][testmg] SI[22,Spider Artifact Type 7,0,0,0,0]serial:[493062] dur:[16] Ex:[0,0,0,0,0,0,0,0,1,0,0] Set[0] 380:[0] HO:[0,0] SC[34,8,255,255,255] BonusOption[255]
[22:46:38] [admin][testmg] SI[23,Spider Artifact Type 4,0,0,0,0]serial:[493063] dur:[16] Ex:[0,0,0,0,0,0,0,0,0,0,0] Set[0] 380:[0] HO:[0,0] SC[14,4,255,255,255] BonusOption[255]
[22:46:38] [admin][testmg] SI[24,Spider Artifact Type 5,0,0,0,0]serial:[493064] dur:[16] Ex:[0,0,0,0,0,0,0,0,0,1,0] Set[0] 380:[0] HO:[0,0] SC[20,9,255,255,255] BonusOption[255]
[22:46:38] [admin][testmg] SI[25,Spider Artifact Type 1,0,0,0,0]serial:[493065] dur:[16] Ex:[0,0,0,0,0,0,0,0,0,0,0] Set[0] 380:[0] HO:[0,0] SC[2,5,255,255,255] BonusOption[255]
[22:46:38] [admin][testmg] SI[26,Spider Artifact Type 3,0,0,0,0]serial:[493066] dur:[16] Ex:[0,0,0,0,0,0,0,0,0,0,0] Set[0] 380:[0] HO:[0,0] SC[12,5,255,255,255] BonusOption[255]
[22:46:38] [admin][testmg] SI[27,Spider Artifact Type 2,0,0,0,0]serial:[493067] dur:[16] Ex:[0,0,0,0,0,0,0,0,0,0,0] Set[0] 380:[0] HO:[0,0] SC[5,3,255,255,255] BonusOption[255]
[22:46:38] [admin][testmg] SI[28,Spider Artifact Type 1,3,0,0,0]serial:[493068] dur:[0] Ex:[0,0,0,0,0,0,0,0,0,0,0] Set[0] 380:[0] HO:[0,0] SC[2,3,255,255,255] BonusOption[255]
[22:46:38] [admin][testmg] SI[29,Spider Artifact Type 5,0,0,0,0]serial:[493069] dur:[16] Ex:[0,0,0,0,0,0,0,0,0,0,0] Set[0] 380:[0] HO:[0,0] SC[20,3,255,255,255] BonusOption[255]
[22:46:38] [admin][testmg] SI[30,Spider Artifact Type 2,0,0,0,0]serial:[493070] dur:[16] Ex:[0,0,0,0,0,0,1,0,1,0,0] Set[0] 380:[0] HO:[0,0] SC[8,6,255,255,255] BonusOption[255]
[22:46:38] [admin][testmg] SI[31,Spider Artifact Type 1,0,0,0,0]serial:[493071] dur:[16] Ex:[0,0,0,0,0,0,0,0,0,0,0] Set[0] 380:[0] HO:[0,0] SC[2,2,255,255,255] BonusOption[255]
[22:46:38] [admin][testmg] SI[32,Spider Artifact Type 4,0,0,0,0]serial:[493072] dur:[16] Ex:[0,0,0,0,0,0,0,0,0,0,0] Set[0] 380:[0] HO:[0,0] SC[15,4,255,255,255] BonusOption[255]
[22:46:38] [admin][testmg] SI[33,Spider Artifact Type 4,0,0,0,0]serial:[493073] dur:[16] Ex:[0,0,0,0,0,0,0,0,1,0,0] Set[0] 380:[0] HO:[0,0] SC[14,8,255,255,255] BonusOption[255]
[22:46:38] [admin][testmg] SI[34,Spider Artifact Type 5,0,0,0,0]serial:[493074] dur:[16] Ex:[0,0,0,0,0,0,0,0,1,0,0] Set[0] 380:[0] HO:[0,0] SC[20,8,255,255,255] BonusOption[255]
[22:46:38] [admin][testmg] SI[35,Spider Artifact Type 4,0,0,0,0]serial:[493075] dur:[16] Ex:[0,0,0,0,0,0,0,0,0,0,0] Set[0] 380:[0] HO:[0,0] SC[15,5,255,255,255] BonusOption[255]
[22:46:38] [admin][testmg] SI[36,Spider Artifact Type 5,11,0,0,0]serial:[493076] dur:[16] Ex:[0,0,0,0,0,0,0,1,0,0,0] Set[0] 380:[0] HO:[0,0] SC[19,7,255,255,255] BonusOption[255]
[22:46:38] [admin][testmg] SI[37,Spider Artifact Type 5,0,0,0,0]serial:[493077] dur:[16] Ex:[0,0,0,0,0,0,0,1,0,0,0] Set[0] 380:[0] HO:[0,0] SC[18,7,255,255,255] BonusOption[255]
[22:46:38] [admin][testmg] SI[38,Spider Artifact Type 2,0,0,0,0]serial:[493078] dur:[16] Ex:[0,0,0,0,0,0,1,0,0,0,0] Set[0] 380:[0] HO:[0,0] SC[6,3,255,255,255] BonusOption[255]
[22:46:38] [admin][testmg] SI[39,Spider Artifact Type 1,0,0,0,0]serial:[493079] dur:[16] Ex:[0,0,0,0,0,0,0,0,0,0,0] Set[0] 380:[0] HO:[0,0] SC[1,4,255,255,255] BonusOption[255]
[22:46:38] [admin][testmg] SI[40,Spider Artifact Type 2,0,0,0,0]serial:[493080] dur:[16] Ex:[0,0,0,0,0,0,0,1,0,1,0] Set[0] 380:[0] HO:[0,0] SC[9,7,255,255,255] BonusOption[255]
[22:46:38] [admin][testmg] SI[41,Spider Artifact Type 1,10,0,0,0]serial:[412356] dur:[0] Ex:[0,0,0,0,0,0,0,0,0,0,0] Set[0] 380:[0] HO:[0,0] SC[1,3,255,255,255] BonusOption[255]
[22:46:38] [admin][testmg] CharInfoSave : Class=54 Level=400 MasterLevel:1100 LVPoint=305168 Exp=-472819216 Str=32408 Dex=32408 Vit=32408 Energy=32408 Leadership:0 Map=0 Pk=3 GensP=0
[22:46:38] [admin][testmg]EI[0,Minor Evomon Box,0,0,0,0]serial:[150460] dur:[1] Ex:[0,0,0,0,0,0,0,0,0,0,0] Set[0] 380:[0] HO:[0,0] SC[255,255,255,255,255] BonusOption[0]
[22:46:38] [admin][testmg]EI[1,Minor Evomon Box,0,0,0,0]serial:[150465] dur:[1] Ex:[0,0,0,0,0,0,0,0,0,0,0] Set[0] 380:[0] HO:[0,0] SC[255,255,255,255,255] BonusOption[0]
[22:46:38] [admin][testmg]EI[2,[Event] Lower Box,0,0,0,0]serial:[492912] dur:[1] Ex:[0,0,0,0,0,0,0,0,0,0,0] Set[0] 380:[0] HO:[0,0] SC[255,255,255,255,255] BonusOption[0]
[22:46:38] [admin][testmg]RI_SAVE[0,Horn of Fenrir,0,1,0,0]serial:[448687] dur:[255] Ex:[0,0,0,1,0,0,0] Set[0] 380:[0] HO:[0,0] SC[255,255,255,255,255] BonusOption[0] ET[2023:06:02 20:30:23]
[22:46:38] [admin][testmg]RI_SAVE[1,Brilliant Book,0,0,1,7]serial:[492949] dur:[62] Ex:[1,0,0,1,1,1,1] Set[0] 380:[0] HO:[0,0] SC[6,7,255,255,255] BonusOption[0] ET[2023:06:02 21:27:04]
[22:46:38] [admin][testmg]RI_EX_S[2,Asura,0,0,1,0]serial:[313576] dur:[101] Ex:[0,0,0,0,0,0,0] Set[0] 380:[0] HO:[0,0] SC[254,254,254,254,254] BonusOption[255] ET[2023:05:18 01:17:07]
[22:46:38] [admin][testmg]MI[2,Great Wizard Eithamu,0,0,0,0] Rank:[4] Expire:[0] serial:[153459] dur:[0] Ex:[0,0,0,0,0,0,0,0,0,0,0] Set[0] 380:[0] HO:[0,0] SC[255,255,255,255,255] BonusOption[4]
[22:46:38] [admin][testmg]MI[3,Tibetton,1,0,0,0] Rank:[3] Expire:[1] serial:[156459] dur:[255] Ex:[0,0,0,0,0,0,0,0,0,0,0] Set[0] 380:[0] HO:[0,0] SC[255,255,255,255,255] BonusOption[19]
[22:46:38] [admin][testmg]MI[4,Tibetton (Evolved),0,0,0,0] Rank:[3] Expire:[1] serial:[156458] dur:[255] Ex:[0,0,0,0,0,0,0,0,0,0,0] Set[0] 380:[0] HO:[0,0] SC[255,255,255,255,255] BonusOption[19]
