[02:00:25] Initializing...
[02:00:25] DataServer(e) version: 18.1.3.15 S Compiled at: Apr 27 2023 23:54:42
[02:00:27] IP Address PUBLIC_IP invalid, please configure WanIP in IGCDS.ini with proper hostname or IP address
[02:00:27] Characte creation method load OK
[02:00:27] Current Global Connections Limit (IP) per ServerGroup, General: 5 OffPlayer: (3)
[02:00:27] Current Global Connections Limit (HWID) per ServerGroup, General: 5 OffPlayer: (3)
[02:00:27] .\AllowedIPList.xml File Loaded successfuly
[02:00:27] ..\\Data\\GensSystem.xml file loaded OK
[02:00:28] [DataServer] ItemCount: 81233
[02:00:28] [SUCCESS] - DATA SERVER CONNECT MSSQL SUCCESS (COUNT: 50)
[02:00:28] [JoinServer] Password Encrypt Type: MD5
[02:00:28] [SUCCESS] - JOIN SERVER CONNECT MSSQL SUCCESS
[02:00:28] [ExDB][Gens System] Initializing Gens...
[02:00:28] [ExDB][Gens System] Current Month: 2
[02:00:28] [Gens System] Ranking Making [START]
[02:00:28] [Gens System] (D:0.00) VS (V:0.00)
[02:00:28] [Gens System] Ranking Making [END]
[02:00:28] [ExDB] Guild Load Completed, total:0, Time:0 ms
[02:00:28] [IOCP] ST_JOINSERVER Start! PORT [ 56970 ]
[02:00:28] [IOCP] ST_DATASERVER Start! PORT [ 56960 ]
[02:00:28] [IOCP] ST_EXDATASERVER Start! PORT [ 56906 ]
[02:00:28] License Information:
[02:00:28] Customer: hào nguy?n - haonhien Server: TopMu
