[23:27:41] Initializing...
[23:27:41] DataServer(e) version: 18.1.3.18 S Compiled at: May 30 2023 16:34:26
[23:27:41] IP Address 15.235.181.48 valid, no resolving required
[23:27:41] Characte creation method load OK
[23:27:41] Current Global Connections Limit (IP) per ServerGroup, General: 5 OffPlayer: (3)
[23:27:41] Current Global Connections Limit (HWID) per ServerGroup, General: 5 OffPlayer: (3)
[23:27:41] .\AllowedIPList.xml File Loaded successfuly
[23:27:41] [DataServer] ItemCount: 0
[23:27:41] [SUCCESS] - DATA SERVER CONNECT MSSQL SUCCESS (COUNT: 50)
[23:27:41] [JoinServer] Password Encrypt Type: MD5
[23:27:41] [SUCCESS] - JOIN SERVER CONNECT MSSQL SUCCESS
[23:27:41] [ExDB] Guild Load Completed, total:0, Time:0 ms
[23:27:41] [IOCP] ST_JOINSERVER Start! PORT [ 56770 ]
[23:27:42] [IOCP] ST_DATASERVER Start! PORT [ 56760 ]
[23:27:42] [IOCP] ST_EXDATASERVER Start! PORT [ 56706 ]
[23:27:42] License Information:
[23:27:42] Customer: hào nguy?n - haonhien Server: TopMu
[23:28:22] [Server Engine] Connect : Index : 0 - IP : 127.0.0.1 - ServerType : 1
[23:28:22] [Server Engine] Connect : Index : 1 - IP : 127.0.0.1 - ServerType : 2
[23:28:22] [DataServer] GameServer(Battle Core)(480)(24) connect
[23:28:22] [Join Server] GameServer Battle Core connected BattleCore, PORT: 56120, Code: 480, VIP: -1 IP Limit (General: 2, OffPlayer: 2)
