[23:27:41] IF ((SELECT data_type FROM INFORMATION_SCHEMA.columns WHERE table_name = 'IGC_PStore_Items_old' AND column_name = 'ItemData') = 'varbinary') SELECT 1 AS Result
[23:27:41] EXEC IGC_PersonalStore_LoadAllStores
[23:27:41] SELECT ItemCount FROM GameServerInfo WHERE Number = 0
[23:27:41] SELECT ItemCount FROM GameServerInfo WHERE Number = 0
[23:27:41] SELECT param_value FROM IGC_Config WHERE param_name = 'db_version'
[23:27:41] IF ((SELECT data_type FROM INFORMATION_SCHEMA.columns WHERE table_name = 'IGC_PentagramInfo_old' AND column_name = 'PentagramInfo') = 'varbinary') SELECT 1 AS Result
[23:27:41] SELECT param_value FROM IGC_Config WHERE param_name = 'db_version'
[23:27:41] EXEC IGC_DeleteAllPartyMatchingList
[23:27:41] EXEC IGC_LoadPartyInfo
[23:27:41] SELECT * FROM Guild
[23:28:22] SELECT * FROM DefaultClassType
[23:28:23] EXEC IGC_DevilSquareFinal_Renew 2
[23:28:23] EXEC IGC_DevilSquareFinal_Renew 3
[23:28:23] EXEC IGC_DevilSquareFinal_Renew 4
[23:28:23] EXEC IGC_DevilSquareFinal_GetRank 2
[23:28:23] EXEC IGC_DevilSquareFinal_GetRank 3
[23:28:23] EXEC IGC_DevilSquareFinal_GetRank 4
[23:28:23] EXEC IGC_DevilSquareFinal_GetRank 2
[23:28:23] EXEC IGC_DevilSquareFinal_GetRank 3
[23:28:23] EXEC IGC_DevilSquareFinal_GetRank 4
[23:28:23] EXEC IGC_DevilSquareFinal_GetRank 2
[23:28:23] EXEC IGC_DevilSquareFinal_GetRank 3
